<?xml version='1.0' encoding='UTF-8'?>
<testsuite hostname="COE-CS-pc13.OU.AD3.UCDAVIS.EDU" name="dinocpu.SingleCycleLoadStoreTesterLab2" tests="21" errors="0" failures="0" skipped="0" time="13.915" timestamp="2024-05-01T16:41:36">
                     <properties>
[...]
</properties>
                     <testcase classname="dinocpu.SingleCycleLoadStoreTesterLab2" name="Single Cycle CPU should run load/store instruction test lw1" time="2.397">
                                                 
                                               </testcase><testcase classname="dinocpu.SingleCycleLoadStoreTesterLab2" name="Single Cycle CPU should run load/store instruction test lb" time="0.965">
                                                 
                                               </testcase><testcase classname="dinocpu.SingleCycleLoadStoreTesterLab2" name="Single Cycle CPU should run load/store instruction test lh" time="0.807">
                                                 
                                               </testcase><testcase classname="dinocpu.SingleCycleLoadStoreTesterLab2" name="Single Cycle CPU should run load/store instruction test lbu" time="0.625">
                                                 
                                               </testcase><testcase classname="dinocpu.SingleCycleLoadStoreTesterLab2" name="Single Cycle CPU should run load/store instruction test lhu" time="0.775">
                                                 
                                               </testcase><testcase classname="dinocpu.SingleCycleLoadStoreTesterLab2" name="Single Cycle CPU should run load/store instruction test lb1" time="0.62">
                                                 
                                               </testcase><testcase classname="dinocpu.SingleCycleLoadStoreTesterLab2" name="Single Cycle CPU should run load/store instruction test lh1" time="0.589">
                                                 
                                               </testcase><testcase classname="dinocpu.SingleCycleLoadStoreTesterLab2" name="Single Cycle CPU should run load/store instruction test lwu" time="0.607">
                                                 
                                               </testcase><testcase classname="dinocpu.SingleCycleLoadStoreTesterLab2" name="Single Cycle CPU should run load/store instruction test lwu1" time="0.597">
                                                 
                                               </testcase><testcase classname="dinocpu.SingleCycleLoadStoreTesterLab2" name="Single Cycle CPU should run load/store instruction test ld1" time="0.574">
                                                 
                                               </testcase><testcase classname="dinocpu.SingleCycleLoadStoreTesterLab2" name="Single Cycle CPU should run load/store instruction test ld2" time="0.581">
                                                 
                                               </testcase><testcase classname="dinocpu.SingleCycleLoadStoreTesterLab2" name="Single Cycle CPU should run load/store instruction test sw" time="0.536">
                                                 
                                               </testcase><testcase classname="dinocpu.SingleCycleLoadStoreTesterLab2" name="Single Cycle CPU should run load/store instruction test sw2" time="0.515">
                                                 
                                               </testcase><testcase classname="dinocpu.SingleCycleLoadStoreTesterLab2" name="Single Cycle CPU should run load/store instruction test sb" time="0.493">
                                                 
                                               </testcase><testcase classname="dinocpu.SingleCycleLoadStoreTesterLab2" name="Single Cycle CPU should run load/store instruction test sh" time="0.464">
                                                 
                                               </testcase><testcase classname="dinocpu.SingleCycleLoadStoreTesterLab2" name="Single Cycle CPU should run load/store instruction test sd1" time="0.482">
                                                 
                                               </testcase><testcase classname="dinocpu.SingleCycleLoadStoreTesterLab2" name="Single Cycle CPU should run load/store instruction test sd2" time="0.452">
                                                 
                                               </testcase><testcase classname="dinocpu.SingleCycleLoadStoreTesterLab2" name="Single Cycle CPU should run load/store instruction test lwfwd" time="0.455">
                                                 
                                               </testcase><testcase classname="dinocpu.SingleCycleLoadStoreTesterLab2" name="Single Cycle CPU should run load/store instruction test ldfwd" time="0.49">
                                                 
                                               </testcase><testcase classname="dinocpu.SingleCycleLoadStoreTesterLab2" name="Single Cycle CPU should run load/store instruction test swfwd1" time="0.48">
                                                 
                                               </testcase><testcase classname="dinocpu.SingleCycleLoadStoreTesterLab2" name="Single Cycle CPU should run load/store instruction test swfwd2" time="0.411">
                                                 
                                               </testcase>
                     <system-out><![CDATA[]]></system-out>
                     <system-err><![CDATA[]]></system-err>
                   </testsuite>