<?xml version='1.0' encoding='UTF-8'?>
<testsuite hostname="COE-CS-pc13.OU.AD3.UCDAVIS.EDU" name="dinocpu.SingleCycleBranchTesterLab2" tests="20" errors="0" failures="0" skipped="0" time="13.197" timestamp="2024-05-01T16:41:36">
                     <properties>
[...]
</properties>
                     <testcase classname="dinocpu.SingleCycleBranchTesterLab2" name="Single Cycle CPU should run branch instruction test beq-False" time="2.404">
                                                 
                                               </testcase><testcase classname="dinocpu.SingleCycleBranchTesterLab2" name="Single Cycle CPU should run branch instruction test beq-True" time="0.769">
                                                 
                                               </testcase><testcase classname="dinocpu.SingleCycleBranchTesterLab2" name="Single Cycle CPU should run branch instruction test bne-False" time="0.765">
                                                 
                                               </testcase><testcase classname="dinocpu.SingleCycleBranchTesterLab2" name="Single Cycle CPU should run branch instruction test bne-True" time="0.632">
                                                 
                                               </testcase><testcase classname="dinocpu.SingleCycleBranchTesterLab2" name="Single Cycle CPU should run branch instruction test blt-False" time="0.679">
                                                 
                                               </testcase><testcase classname="dinocpu.SingleCycleBranchTesterLab2" name="Single Cycle CPU should run branch instruction test blt-False-equal" time="0.851">
                                                 
                                               </testcase><testcase classname="dinocpu.SingleCycleBranchTesterLab2" name="Single Cycle CPU should run branch instruction test blt-True" time="0.646">
                                                 
                                               </testcase><testcase classname="dinocpu.SingleCycleBranchTesterLab2" name="Single Cycle CPU should run branch instruction test blt-False-signed" time="0.597">
                                                 
                                               </testcase><testcase classname="dinocpu.SingleCycleBranchTesterLab2" name="Single Cycle CPU should run branch instruction test blt-True-signed" time="0.58">
                                                 
                                               </testcase><testcase classname="dinocpu.SingleCycleBranchTesterLab2" name="Single Cycle CPU should run branch instruction test bge-False" time="0.526">
                                                 
                                               </testcase><testcase classname="dinocpu.SingleCycleBranchTesterLab2" name="Single Cycle CPU should run branch instruction test bge-True" time="0.503">
                                                 
                                               </testcase><testcase classname="dinocpu.SingleCycleBranchTesterLab2" name="Single Cycle CPU should run branch instruction test bge-False-signed" time="0.495">
                                                 
                                               </testcase><testcase classname="dinocpu.SingleCycleBranchTesterLab2" name="Single Cycle CPU should run branch instruction test bge-True-signed" time="0.482">
                                                 
                                               </testcase><testcase classname="dinocpu.SingleCycleBranchTesterLab2" name="Single Cycle CPU should run branch instruction test bge-True-equal" time="0.507">
                                                 
                                               </testcase><testcase classname="dinocpu.SingleCycleBranchTesterLab2" name="Single Cycle CPU should run branch instruction test bltu-False" time="0.447">
                                                 
                                               </testcase><testcase classname="dinocpu.SingleCycleBranchTesterLab2" name="Single Cycle CPU should run branch instruction test bltu-True" time="0.485">
                                                 
                                               </testcase><testcase classname="dinocpu.SingleCycleBranchTesterLab2" name="Single Cycle CPU should run branch instruction test bgeu-False" time="0.465">
                                                 
                                               </testcase><testcase classname="dinocpu.SingleCycleBranchTesterLab2" name="Single Cycle CPU should run branch instruction test bgeu-True" time="0.442">
                                                 
                                               </testcase><testcase classname="dinocpu.SingleCycleBranchTesterLab2" name="Single Cycle CPU should run branch instruction test beqfwd1" time="0.467">
                                                 
                                               </testcase><testcase classname="dinocpu.SingleCycleBranchTesterLab2" name="Single Cycle CPU should run branch instruction test beqfwd2" time="0.455">
                                                 
                                               </testcase>
                     <system-out><![CDATA[]]></system-out>
                     <system-err><![CDATA[]]></system-err>
                   </testsuite>