<?xml version='1.0' encoding='UTF-8'?>
<testsuite hostname="COE-CS-pc13.OU.AD3.UCDAVIS.EDU" name="dinocpu.SingleCycleRTypeMExtensionTesterLab2" tests="66" errors="0" failures="0" skipped="0" time="33.262" timestamp="2024-05-01T16:41:36">
                     <properties>
[...]
</properties>
                     <testcase classname="dinocpu.SingleCycleRTypeMExtensionTesterLab2" name="Single Cycle CPU should run R-type instruction mul-zero-positive" time="2.403">
                                                 
                                               </testcase><testcase classname="dinocpu.SingleCycleRTypeMExtensionTesterLab2" name="Single Cycle CPU should run R-type instruction mul-positive-positive" time="0.779">
                                                 
                                               </testcase><testcase classname="dinocpu.SingleCycleRTypeMExtensionTesterLab2" name="Single Cycle CPU should run R-type instruction mul-negative-positive" time="0.763">
                                                 
                                               </testcase><testcase classname="dinocpu.SingleCycleRTypeMExtensionTesterLab2" name="Single Cycle CPU should run R-type instruction mul-negative-negative" time="0.802">
                                                 
                                               </testcase><testcase classname="dinocpu.SingleCycleRTypeMExtensionTesterLab2" name="Single Cycle CPU should run R-type instruction mul-big-numbers-positive-positive" time="0.679">
                                                 
                                               </testcase><testcase classname="dinocpu.SingleCycleRTypeMExtensionTesterLab2" name="Single Cycle CPU should run R-type instruction mul-big-numbers-negative-positive" time="0.736">
                                                 
                                               </testcase><testcase classname="dinocpu.SingleCycleRTypeMExtensionTesterLab2" name="Single Cycle CPU should run R-type instruction mul-big-numbers-negative-negative" time="0.659">
                                                 
                                               </testcase><testcase classname="dinocpu.SingleCycleRTypeMExtensionTesterLab2" name="Single Cycle CPU should run R-type instruction mulh-zero-positive" time="0.574">
                                                 
                                               </testcase><testcase classname="dinocpu.SingleCycleRTypeMExtensionTesterLab2" name="Single Cycle CPU should run R-type instruction mulh-positive-positive" time="0.624">
                                                 
                                               </testcase><testcase classname="dinocpu.SingleCycleRTypeMExtensionTesterLab2" name="Single Cycle CPU should run R-type instruction mulh-negative-positive" time="0.562">
                                                 
                                               </testcase><testcase classname="dinocpu.SingleCycleRTypeMExtensionTesterLab2" name="Single Cycle CPU should run R-type instruction mulh-negative-negative" time="0.578">
                                                 
                                               </testcase><testcase classname="dinocpu.SingleCycleRTypeMExtensionTesterLab2" name="Single Cycle CPU should run R-type instruction mulh-big-numbers-positive-positive" time="0.507">
                                                 
                                               </testcase><testcase classname="dinocpu.SingleCycleRTypeMExtensionTesterLab2" name="Single Cycle CPU should run R-type instruction mulh-big-numbers-negative-positive" time="0.558">
                                                 
                                               </testcase><testcase classname="dinocpu.SingleCycleRTypeMExtensionTesterLab2" name="Single Cycle CPU should run R-type instruction mulh-big-numbers-negative-negative" time="0.476">
                                                 
                                               </testcase><testcase classname="dinocpu.SingleCycleRTypeMExtensionTesterLab2" name="Single Cycle CPU should run R-type instruction mulhu-zero" time="0.467">
                                                 
                                               </testcase><testcase classname="dinocpu.SingleCycleRTypeMExtensionTesterLab2" name="Single Cycle CPU should run R-type instruction mulhu-small-numbers" time="0.48">
                                                 
                                               </testcase><testcase classname="dinocpu.SingleCycleRTypeMExtensionTesterLab2" name="Single Cycle CPU should run R-type instruction mulhu-big-numbers-1" time="0.497">
                                                 
                                               </testcase><testcase classname="dinocpu.SingleCycleRTypeMExtensionTesterLab2" name="Single Cycle CPU should run R-type instruction mulhu-big-numbers-2" time="0.429">
                                                 
                                               </testcase><testcase classname="dinocpu.SingleCycleRTypeMExtensionTesterLab2" name="Single Cycle CPU should run R-type instruction mulhsu-zero-positive" time="0.526">
                                                 
                                               </testcase><testcase classname="dinocpu.SingleCycleRTypeMExtensionTesterLab2" name="Single Cycle CPU should run R-type instruction mulhsu-positive-positive" time="0.444">
                                                 
                                               </testcase><testcase classname="dinocpu.SingleCycleRTypeMExtensionTesterLab2" name="Single Cycle CPU should run R-type instruction mulhsu-negative-positive" time="0.43">
                                                 
                                               </testcase><testcase classname="dinocpu.SingleCycleRTypeMExtensionTesterLab2" name="Single Cycle CPU should run R-type instruction mulhsu-big-numbers-positive-positive" time="0.425">
                                                 
                                               </testcase><testcase classname="dinocpu.SingleCycleRTypeMExtensionTesterLab2" name="Single Cycle CPU should run R-type instruction mulhsu-big-numbers-negative-positive-1" time="0.422">
                                                 
                                               </testcase><testcase classname="dinocpu.SingleCycleRTypeMExtensionTesterLab2" name="Single Cycle CPU should run R-type instruction mulhsu-big-numbers-negative-positive-2" time="0.417">
                                                 
                                               </testcase><testcase classname="dinocpu.SingleCycleRTypeMExtensionTesterLab2" name="Single Cycle CPU should run R-type instruction mulw-zero-positive" time="0.471">
                                                 
                                               </testcase><testcase classname="dinocpu.SingleCycleRTypeMExtensionTesterLab2" name="Single Cycle CPU should run R-type instruction mulw-positive-positive" time="0.453">
                                                 
                                               </testcase><testcase classname="dinocpu.SingleCycleRTypeMExtensionTesterLab2" name="Single Cycle CPU should run R-type instruction mulw-negative-positive" time="0.431">
                                                 
                                               </testcase><testcase classname="dinocpu.SingleCycleRTypeMExtensionTesterLab2" name="Single Cycle CPU should run R-type instruction mulw-negative-negative" time="0.44">
                                                 
                                               </testcase><testcase classname="dinocpu.SingleCycleRTypeMExtensionTesterLab2" name="Single Cycle CPU should run R-type instruction mulw-big-numbers-positive-positive" time="0.44">
                                                 
                                               </testcase><testcase classname="dinocpu.SingleCycleRTypeMExtensionTesterLab2" name="Single Cycle CPU should run R-type instruction mulw-big-numbers-negative-positive" time="0.406">
                                                 
                                               </testcase><testcase classname="dinocpu.SingleCycleRTypeMExtensionTesterLab2" name="Single Cycle CPU should run R-type instruction mulw-big-numbers-negative-negative" time="0.435">
                                                 
                                               </testcase><testcase classname="dinocpu.SingleCycleRTypeMExtensionTesterLab2" name="Single Cycle CPU should run R-type instruction div-positive-positive" time="0.412">
                                                 
                                               </testcase><testcase classname="dinocpu.SingleCycleRTypeMExtensionTesterLab2" name="Single Cycle CPU should run R-type instruction div-positive-negative" time="0.411">
                                                 
                                               </testcase><testcase classname="dinocpu.SingleCycleRTypeMExtensionTesterLab2" name="Single Cycle CPU should run R-type instruction div-negative-negative" time="0.402">
                                                 
                                               </testcase><testcase classname="dinocpu.SingleCycleRTypeMExtensionTesterLab2" name="Single Cycle CPU should run R-type instruction div-division-by-zero" time="0.425">
                                                 
                                               </testcase><testcase classname="dinocpu.SingleCycleRTypeMExtensionTesterLab2" name="Single Cycle CPU should run R-type instruction div-overflow" time="0.423">
                                                 
                                               </testcase><testcase classname="dinocpu.SingleCycleRTypeMExtensionTesterLab2" name="Single Cycle CPU should run R-type instruction rem-positive-positive" time="0.447">
                                                 
                                               </testcase><testcase classname="dinocpu.SingleCycleRTypeMExtensionTesterLab2" name="Single Cycle CPU should run R-type instruction rem-positive-negative" time="0.435">
                                                 
                                               </testcase><testcase classname="dinocpu.SingleCycleRTypeMExtensionTesterLab2" name="Single Cycle CPU should run R-type instruction rem-negative-positive" time="0.403">
                                                 
                                               </testcase><testcase classname="dinocpu.SingleCycleRTypeMExtensionTesterLab2" name="Single Cycle CPU should run R-type instruction rem-negative-negative" time="0.44">
                                                 
                                               </testcase><testcase classname="dinocpu.SingleCycleRTypeMExtensionTesterLab2" name="Single Cycle CPU should run R-type instruction rem-division-by-zero" time="0.463">
                                                 
                                               </testcase><testcase classname="dinocpu.SingleCycleRTypeMExtensionTesterLab2" name="Single Cycle CPU should run R-type instruction rem-overflow" time="0.397">
                                                 
                                               </testcase><testcase classname="dinocpu.SingleCycleRTypeMExtensionTesterLab2" name="Single Cycle CPU should run R-type instruction divu-1" time="0.445">
                                                 
                                               </testcase><testcase classname="dinocpu.SingleCycleRTypeMExtensionTesterLab2" name="Single Cycle CPU should run R-type instruction divu-2" time="0.388">
                                                 
                                               </testcase><testcase classname="dinocpu.SingleCycleRTypeMExtensionTesterLab2" name="Single Cycle CPU should run R-type instruction divu-division-by-zero" time="0.412">
                                                 
                                               </testcase><testcase classname="dinocpu.SingleCycleRTypeMExtensionTesterLab2" name="Single Cycle CPU should run R-type instruction remu-1" time="0.395">
                                                 
                                               </testcase><testcase classname="dinocpu.SingleCycleRTypeMExtensionTesterLab2" name="Single Cycle CPU should run R-type instruction remu-2" time="0.415">
                                                 
                                               </testcase><testcase classname="dinocpu.SingleCycleRTypeMExtensionTesterLab2" name="Single Cycle CPU should run R-type instruction remu-division-by-zero" time="0.407">
                                                 
                                               </testcase><testcase classname="dinocpu.SingleCycleRTypeMExtensionTesterLab2" name="Single Cycle CPU should run R-type instruction divw-positive-positive" time="0.451">
                                                 
                                               </testcase><testcase classname="dinocpu.SingleCycleRTypeMExtensionTesterLab2" name="Single Cycle CPU should run R-type instruction divw-positive-negative" time="0.446">
                                                 
                                               </testcase><testcase classname="dinocpu.SingleCycleRTypeMExtensionTesterLab2" name="Single Cycle CPU should run R-type instruction divw-negative-negative" time="0.428">
                                                 
                                               </testcase><testcase classname="dinocpu.SingleCycleRTypeMExtensionTesterLab2" name="Single Cycle CPU should run R-type instruction divw-sign-extension" time="0.426">
                                                 
                                               </testcase><testcase classname="dinocpu.SingleCycleRTypeMExtensionTesterLab2" name="Single Cycle CPU should run R-type instruction divw-division-by-zero" time="0.507">
                                                 
                                               </testcase><testcase classname="dinocpu.SingleCycleRTypeMExtensionTesterLab2" name="Single Cycle CPU should run R-type instruction divw-overflow" time="0.438">
                                                 
                                               </testcase><testcase classname="dinocpu.SingleCycleRTypeMExtensionTesterLab2" name="Single Cycle CPU should run R-type instruction remw-positive-positive" time="0.518">
                                                 
                                               </testcase><testcase classname="dinocpu.SingleCycleRTypeMExtensionTesterLab2" name="Single Cycle CPU should run R-type instruction remw-positive-negative" time="0.474">
                                                 
                                               </testcase><testcase classname="dinocpu.SingleCycleRTypeMExtensionTesterLab2" name="Single Cycle CPU should run R-type instruction remw-negative-negative" time="0.444">
                                                 
                                               </testcase><testcase classname="dinocpu.SingleCycleRTypeMExtensionTesterLab2" name="Single Cycle CPU should run R-type instruction remw-sign-extension" time="0.394">
                                                 
                                               </testcase><testcase classname="dinocpu.SingleCycleRTypeMExtensionTesterLab2" name="Single Cycle CPU should run R-type instruction remw-division-by-zero" time="0.458">
                                                 
                                               </testcase><testcase classname="dinocpu.SingleCycleRTypeMExtensionTesterLab2" name="Single Cycle CPU should run R-type instruction remw-overflow" time="0.424">
                                                 
                                               </testcase><testcase classname="dinocpu.SingleCycleRTypeMExtensionTesterLab2" name="Single Cycle CPU should run R-type instruction divuw-1" time="0.45">
                                                 
                                               </testcase><testcase classname="dinocpu.SingleCycleRTypeMExtensionTesterLab2" name="Single Cycle CPU should run R-type instruction divuw-2" time="0.373">
                                                 
                                               </testcase><testcase classname="dinocpu.SingleCycleRTypeMExtensionTesterLab2" name="Single Cycle CPU should run R-type instruction divuw-division-by-zero" time="0.38">
                                                 
                                               </testcase><testcase classname="dinocpu.SingleCycleRTypeMExtensionTesterLab2" name="Single Cycle CPU should run R-type instruction remuw-1" time="0.415">
                                                 
                                               </testcase><testcase classname="dinocpu.SingleCycleRTypeMExtensionTesterLab2" name="Single Cycle CPU should run R-type instruction remuw-2" time="0.398">
                                                 
                                               </testcase><testcase classname="dinocpu.SingleCycleRTypeMExtensionTesterLab2" name="Single Cycle CPU should run R-type instruction remuw-division-by-zero" time="0.405">
                                                 
                                               </testcase>
                     <system-out><![CDATA[]]></system-out>
                     <system-err><![CDATA[]]></system-err>
                   </testsuite>