<?xml version='1.0' encoding='UTF-8'?>
<testsuite hostname="codespaces-6f4ab4" name="dinocpu.SingleCycleRTypeTesterLab2" tests="42" errors="0" failures="0" skipped="0" time="20.744" timestamp="2024-05-10T21:40:51">
                     <properties>
[...]
</properties>
                     <testcase classname="dinocpu.SingleCycleRTypeTesterLab2" name="Single Cycle CPU should run R-type instruction add1" time="2.181">
                                                 
                                               </testcase><testcase classname="dinocpu.SingleCycleRTypeTesterLab2" name="Single Cycle CPU should run R-type instruction add2" time="0.898">
                                                 
                                               </testcase><testcase classname="dinocpu.SingleCycleRTypeTesterLab2" name="Single Cycle CPU should run R-type instruction add0" time="0.875">
                                                 
                                               </testcase><testcase classname="dinocpu.SingleCycleRTypeTesterLab2" name="Single Cycle CPU should run R-type instruction addw1" time="0.613">
                                                 
                                               </testcase><testcase classname="dinocpu.SingleCycleRTypeTesterLab2" name="Single Cycle CPU should run R-type instruction addw2" time="0.498">
                                                 
                                               </testcase><testcase classname="dinocpu.SingleCycleRTypeTesterLab2" name="Single Cycle CPU should run R-type instruction addw3" time="0.512">
                                                 
                                               </testcase><testcase classname="dinocpu.SingleCycleRTypeTesterLab2" name="Single Cycle CPU should run R-type instruction or" time="0.452">
                                                 
                                               </testcase><testcase classname="dinocpu.SingleCycleRTypeTesterLab2" name="Single Cycle CPU should run R-type instruction sub" time="0.474">
                                                 
                                               </testcase><testcase classname="dinocpu.SingleCycleRTypeTesterLab2" name="Single Cycle CPU should run R-type instruction subw1" time="0.462">
                                                 
                                               </testcase><testcase classname="dinocpu.SingleCycleRTypeTesterLab2" name="Single Cycle CPU should run R-type instruction subw2" time="0.484">
                                                 
                                               </testcase><testcase classname="dinocpu.SingleCycleRTypeTesterLab2" name="Single Cycle CPU should run R-type instruction subw3" time="0.425">
                                                 
                                               </testcase><testcase classname="dinocpu.SingleCycleRTypeTesterLab2" name="Single Cycle CPU should run R-type instruction and" time="0.608">
                                                 
                                               </testcase><testcase classname="dinocpu.SingleCycleRTypeTesterLab2" name="Single Cycle CPU should run R-type instruction xor" time="0.548">
                                                 
                                               </testcase><testcase classname="dinocpu.SingleCycleRTypeTesterLab2" name="Single Cycle CPU should run R-type instruction slt" time="0.46">
                                                 
                                               </testcase><testcase classname="dinocpu.SingleCycleRTypeTesterLab2" name="Single Cycle CPU should run R-type instruction slt1" time="0.455">
                                                 
                                               </testcase><testcase classname="dinocpu.SingleCycleRTypeTesterLab2" name="Single Cycle CPU should run R-type instruction sltu" time="0.432">
                                                 
                                               </testcase><testcase classname="dinocpu.SingleCycleRTypeTesterLab2" name="Single Cycle CPU should run R-type instruction sltu1" time="0.407">
                                                 
                                               </testcase><testcase classname="dinocpu.SingleCycleRTypeTesterLab2" name="Single Cycle CPU should run R-type instruction sll" time="0.413">
                                                 
                                               </testcase><testcase classname="dinocpu.SingleCycleRTypeTesterLab2" name="Single Cycle CPU should run R-type instruction sll2" time="0.4">
                                                 
                                               </testcase><testcase classname="dinocpu.SingleCycleRTypeTesterLab2" name="Single Cycle CPU should run R-type instruction sllw1" time="0.386">
                                                 
                                               </testcase><testcase classname="dinocpu.SingleCycleRTypeTesterLab2" name="Single Cycle CPU should run R-type instruction sllw2" time="0.414">
                                                 
                                               </testcase><testcase classname="dinocpu.SingleCycleRTypeTesterLab2" name="Single Cycle CPU should run R-type instruction sllw3" time="0.394">
                                                 
                                               </testcase><testcase classname="dinocpu.SingleCycleRTypeTesterLab2" name="Single Cycle CPU should run R-type instruction sllw4" time="0.406">
                                                 
                                               </testcase><testcase classname="dinocpu.SingleCycleRTypeTesterLab2" name="Single Cycle CPU should run R-type instruction srl" time="0.424">
                                                 
                                               </testcase><testcase classname="dinocpu.SingleCycleRTypeTesterLab2" name="Single Cycle CPU should run R-type instruction srl2" time="0.397">
                                                 
                                               </testcase><testcase classname="dinocpu.SingleCycleRTypeTesterLab2" name="Single Cycle CPU should run R-type instruction srlw1" time="0.418">
                                                 
                                               </testcase><testcase classname="dinocpu.SingleCycleRTypeTesterLab2" name="Single Cycle CPU should run R-type instruction srlw2" time="0.382">
                                                 
                                               </testcase><testcase classname="dinocpu.SingleCycleRTypeTesterLab2" name="Single Cycle CPU should run R-type instruction srlw3" time="0.386">
                                                 
                                               </testcase><testcase classname="dinocpu.SingleCycleRTypeTesterLab2" name="Single Cycle CPU should run R-type instruction srlw4" time="0.431">
                                                 
                                               </testcase><testcase classname="dinocpu.SingleCycleRTypeTesterLab2" name="Single Cycle CPU should run R-type instruction sra" time="0.399">
                                                 
                                               </testcase><testcase classname="dinocpu.SingleCycleRTypeTesterLab2" name="Single Cycle CPU should run R-type instruction sra2" time="0.38">
                                                 
                                               </testcase><testcase classname="dinocpu.SingleCycleRTypeTesterLab2" name="Single Cycle CPU should run R-type instruction sraw1" time="0.397">
                                                 
                                               </testcase><testcase classname="dinocpu.SingleCycleRTypeTesterLab2" name="Single Cycle CPU should run R-type instruction sraw2" time="0.403">
                                                 
                                               </testcase><testcase classname="dinocpu.SingleCycleRTypeTesterLab2" name="Single Cycle CPU should run R-type instruction sraw3" time="0.413">
                                                 
                                               </testcase><testcase classname="dinocpu.SingleCycleRTypeTesterLab2" name="Single Cycle CPU should run R-type instruction addfwd" time="0.395">
                                                 
                                               </testcase><testcase classname="dinocpu.SingleCycleRTypeTesterLab2" name="Single Cycle CPU should run R-type instruction swapxor" time="0.386">
                                                 
                                               </testcase><testcase classname="dinocpu.SingleCycleRTypeTesterLab2" name="Single Cycle CPU should run R-type instruction power2-512" time="0.389">
                                                 
                                               </testcase><testcase classname="dinocpu.SingleCycleRTypeTesterLab2" name="Single Cycle CPU should run R-type instruction power2-1234" time="0.394">
                                                 
                                               </testcase><testcase classname="dinocpu.SingleCycleRTypeTesterLab2" name="Single Cycle CPU should run R-type instruction power2--65536" time="0.408">
                                                 
                                               </testcase><testcase classname="dinocpu.SingleCycleRTypeTesterLab2" name="Single Cycle CPU should run R-type instruction oppsign-true" time="0.378">
                                                 
                                               </testcase><testcase classname="dinocpu.SingleCycleRTypeTesterLab2" name="Single Cycle CPU should run R-type instruction oppsign-false" time="0.382">
                                                 
                                               </testcase><testcase classname="dinocpu.SingleCycleRTypeTesterLab2" name="Single Cycle CPU should run R-type instruction rotR" time="0.385">
                                                 
                                               </testcase>
                     <system-out><![CDATA[]]></system-out>
                     <system-err><![CDATA[]]></system-err>
                   </testsuite>