<?xml version='1.0' encoding='UTF-8'?>
<testsuite hostname="COE-CS-pc13.OU.AD3.UCDAVIS.EDU" name="dinocpu.SingleCycleITypeTesterLab2" tests="25" errors="0" failures="0" skipped="0" time="15.944" timestamp="2024-05-01T16:41:36">
                     <properties>
[...]
</properties>
                     <testcase classname="dinocpu.SingleCycleITypeTesterLab2" name="Single Cycle CPU should run I-Type instruction addi1" time="2.398">
                                                 
                                               </testcase><testcase classname="dinocpu.SingleCycleITypeTesterLab2" name="Single Cycle CPU should run I-Type instruction addiw1" time="0.936">
                                                 
                                               </testcase><testcase classname="dinocpu.SingleCycleITypeTesterLab2" name="Single Cycle CPU should run I-Type instruction addiw2" time="0.901">
                                                 
                                               </testcase><testcase classname="dinocpu.SingleCycleITypeTesterLab2" name="Single Cycle CPU should run I-Type instruction addiw3" time="0.631">
                                                 
                                               </testcase><testcase classname="dinocpu.SingleCycleITypeTesterLab2" name="Single Cycle CPU should run I-Type instruction slli" time="0.747">
                                                 
                                               </testcase><testcase classname="dinocpu.SingleCycleITypeTesterLab2" name="Single Cycle CPU should run I-Type instruction slli2" time="0.694">
                                                 
                                               </testcase><testcase classname="dinocpu.SingleCycleITypeTesterLab2" name="Single Cycle CPU should run I-Type instruction slliw1" time="0.622">
                                                 
                                               </testcase><testcase classname="dinocpu.SingleCycleITypeTesterLab2" name="Single Cycle CPU should run I-Type instruction slliw2" time="0.596">
                                                 
                                               </testcase><testcase classname="dinocpu.SingleCycleITypeTesterLab2" name="Single Cycle CPU should run I-Type instruction slliw3" time="0.699">
                                                 
                                               </testcase><testcase classname="dinocpu.SingleCycleITypeTesterLab2" name="Single Cycle CPU should run I-Type instruction srai" time="0.572">
                                                 
                                               </testcase><testcase classname="dinocpu.SingleCycleITypeTesterLab2" name="Single Cycle CPU should run I-Type instruction srai-negative" time="0.505">
                                                 
                                               </testcase><testcase classname="dinocpu.SingleCycleITypeTesterLab2" name="Single Cycle CPU should run I-Type instruction sraiw1" time="0.52">
                                                 
                                               </testcase><testcase classname="dinocpu.SingleCycleITypeTesterLab2" name="Single Cycle CPU should run I-Type instruction sraiw2" time="0.505">
                                                 
                                               </testcase><testcase classname="dinocpu.SingleCycleITypeTesterLab2" name="Single Cycle CPU should run I-Type instruction srli" time="0.478">
                                                 
                                               </testcase><testcase classname="dinocpu.SingleCycleITypeTesterLab2" name="Single Cycle CPU should run I-Type instruction srli2" time="0.525">
                                                 
                                               </testcase><testcase classname="dinocpu.SingleCycleITypeTesterLab2" name="Single Cycle CPU should run I-Type instruction srliw1" time="0.508">
                                                 
                                               </testcase><testcase classname="dinocpu.SingleCycleITypeTesterLab2" name="Single Cycle CPU should run I-Type instruction srliw2" time="0.484">
                                                 
                                               </testcase><testcase classname="dinocpu.SingleCycleITypeTesterLab2" name="Single Cycle CPU should run I-Type instruction srliw3" time="0.474">
                                                 
                                               </testcase><testcase classname="dinocpu.SingleCycleITypeTesterLab2" name="Single Cycle CPU should run I-Type instruction andi" time="0.494">
                                                 
                                               </testcase><testcase classname="dinocpu.SingleCycleITypeTesterLab2" name="Single Cycle CPU should run I-Type instruction ori" time="0.479">
                                                 
                                               </testcase><testcase classname="dinocpu.SingleCycleITypeTesterLab2" name="Single Cycle CPU should run I-Type instruction xori" time="0.42">
                                                 
                                               </testcase><testcase classname="dinocpu.SingleCycleITypeTesterLab2" name="Single Cycle CPU should run I-Type instruction slti" time="0.438">
                                                 
                                               </testcase><testcase classname="dinocpu.SingleCycleITypeTesterLab2" name="Single Cycle CPU should run I-Type instruction sltiu" time="0.437">
                                                 
                                               </testcase><testcase classname="dinocpu.SingleCycleITypeTesterLab2" name="Single Cycle CPU should run I-Type instruction addi-funct7" time="0.43">
                                                 
                                               </testcase><testcase classname="dinocpu.SingleCycleITypeTesterLab2" name="Single Cycle CPU should run I-Type instruction addi2" time="0.451">
                                                 
                                               </testcase>
                     <system-out><![CDATA[]]></system-out>
                     <system-err><![CDATA[]]></system-err>
                   </testsuite>