<?xml version='1.0' encoding='UTF-8'?>
<testsuite hostname="COE-CS-pc13.OU.AD3.UCDAVIS.EDU" name="dinocpu.SingleCycleRTypeTesterLab2" tests="42" errors="0" failures="0" skipped="0" time="21.233" timestamp="2024-05-01T16:41:38">
                     <properties>
[...]
</properties>
                     <testcase classname="dinocpu.SingleCycleRTypeTesterLab2" name="Single Cycle CPU should run R-type instruction add1" time="0.987">
                                                 
                                               </testcase><testcase classname="dinocpu.SingleCycleRTypeTesterLab2" name="Single Cycle CPU should run R-type instruction add2" time="1.062">
                                                 
                                               </testcase><testcase classname="dinocpu.SingleCycleRTypeTesterLab2" name="Single Cycle CPU should run R-type instruction add0" time="0.813">
                                                 
                                               </testcase><testcase classname="dinocpu.SingleCycleRTypeTesterLab2" name="Single Cycle CPU should run R-type instruction addw1" time="0.761">
                                                 
                                               </testcase><testcase classname="dinocpu.SingleCycleRTypeTesterLab2" name="Single Cycle CPU should run R-type instruction addw2" time="0.585">
                                                 
                                               </testcase><testcase classname="dinocpu.SingleCycleRTypeTesterLab2" name="Single Cycle CPU should run R-type instruction addw3" time="0.777">
                                                 
                                               </testcase><testcase classname="dinocpu.SingleCycleRTypeTesterLab2" name="Single Cycle CPU should run R-type instruction or" time="0.536">
                                                 
                                               </testcase><testcase classname="dinocpu.SingleCycleRTypeTesterLab2" name="Single Cycle CPU should run R-type instruction sub" time="0.665">
                                                 
                                               </testcase><testcase classname="dinocpu.SingleCycleRTypeTesterLab2" name="Single Cycle CPU should run R-type instruction subw1" time="0.562">
                                                 
                                               </testcase><testcase classname="dinocpu.SingleCycleRTypeTesterLab2" name="Single Cycle CPU should run R-type instruction subw2" time="0.555">
                                                 
                                               </testcase><testcase classname="dinocpu.SingleCycleRTypeTesterLab2" name="Single Cycle CPU should run R-type instruction subw3" time="0.523">
                                                 
                                               </testcase><testcase classname="dinocpu.SingleCycleRTypeTesterLab2" name="Single Cycle CPU should run R-type instruction and" time="0.492">
                                                 
                                               </testcase><testcase classname="dinocpu.SingleCycleRTypeTesterLab2" name="Single Cycle CPU should run R-type instruction xor" time="0.488">
                                                 
                                               </testcase><testcase classname="dinocpu.SingleCycleRTypeTesterLab2" name="Single Cycle CPU should run R-type instruction slt" time="0.467">
                                                 
                                               </testcase><testcase classname="dinocpu.SingleCycleRTypeTesterLab2" name="Single Cycle CPU should run R-type instruction slt1" time="0.494">
                                                 
                                               </testcase><testcase classname="dinocpu.SingleCycleRTypeTesterLab2" name="Single Cycle CPU should run R-type instruction sltu" time="0.473">
                                                 
                                               </testcase><testcase classname="dinocpu.SingleCycleRTypeTesterLab2" name="Single Cycle CPU should run R-type instruction sltu1" time="0.46">
                                                 
                                               </testcase><testcase classname="dinocpu.SingleCycleRTypeTesterLab2" name="Single Cycle CPU should run R-type instruction sll" time="0.457">
                                                 
                                               </testcase><testcase classname="dinocpu.SingleCycleRTypeTesterLab2" name="Single Cycle CPU should run R-type instruction sll2" time="0.459">
                                                 
                                               </testcase><testcase classname="dinocpu.SingleCycleRTypeTesterLab2" name="Single Cycle CPU should run R-type instruction sllw1" time="0.422">
                                                 
                                               </testcase><testcase classname="dinocpu.SingleCycleRTypeTesterLab2" name="Single Cycle CPU should run R-type instruction sllw2" time="0.419">
                                                 
                                               </testcase><testcase classname="dinocpu.SingleCycleRTypeTesterLab2" name="Single Cycle CPU should run R-type instruction sllw3" time="0.445">
                                                 
                                               </testcase><testcase classname="dinocpu.SingleCycleRTypeTesterLab2" name="Single Cycle CPU should run R-type instruction sllw4" time="0.437">
                                                 
                                               </testcase><testcase classname="dinocpu.SingleCycleRTypeTesterLab2" name="Single Cycle CPU should run R-type instruction srl" time="0.412">
                                                 
                                               </testcase><testcase classname="dinocpu.SingleCycleRTypeTesterLab2" name="Single Cycle CPU should run R-type instruction srl2" time="0.417">
                                                 
                                               </testcase><testcase classname="dinocpu.SingleCycleRTypeTesterLab2" name="Single Cycle CPU should run R-type instruction srlw1" time="0.413">
                                                 
                                               </testcase><testcase classname="dinocpu.SingleCycleRTypeTesterLab2" name="Single Cycle CPU should run R-type instruction srlw2" time="0.418">
                                                 
                                               </testcase><testcase classname="dinocpu.SingleCycleRTypeTesterLab2" name="Single Cycle CPU should run R-type instruction srlw3" time="0.397">
                                                 
                                               </testcase><testcase classname="dinocpu.SingleCycleRTypeTesterLab2" name="Single Cycle CPU should run R-type instruction srlw4" time="0.462">
                                                 
                                               </testcase><testcase classname="dinocpu.SingleCycleRTypeTesterLab2" name="Single Cycle CPU should run R-type instruction sra" time="0.413">
                                                 
                                               </testcase><testcase classname="dinocpu.SingleCycleRTypeTesterLab2" name="Single Cycle CPU should run R-type instruction sra2" time="0.448">
                                                 
                                               </testcase><testcase classname="dinocpu.SingleCycleRTypeTesterLab2" name="Single Cycle CPU should run R-type instruction sraw1" time="0.39">
                                                 
                                               </testcase><testcase classname="dinocpu.SingleCycleRTypeTesterLab2" name="Single Cycle CPU should run R-type instruction sraw2" time="0.384">
                                                 
                                               </testcase><testcase classname="dinocpu.SingleCycleRTypeTesterLab2" name="Single Cycle CPU should run R-type instruction sraw3" time="0.428">
                                                 
                                               </testcase><testcase classname="dinocpu.SingleCycleRTypeTesterLab2" name="Single Cycle CPU should run R-type instruction addfwd" time="0.457">
                                                 
                                               </testcase><testcase classname="dinocpu.SingleCycleRTypeTesterLab2" name="Single Cycle CPU should run R-type instruction swapxor" time="0.433">
                                                 
                                               </testcase><testcase classname="dinocpu.SingleCycleRTypeTesterLab2" name="Single Cycle CPU should run R-type instruction power2-512" time="0.4">
                                                 
                                               </testcase><testcase classname="dinocpu.SingleCycleRTypeTesterLab2" name="Single Cycle CPU should run R-type instruction power2-1234" time="0.418">
                                                 
                                               </testcase><testcase classname="dinocpu.SingleCycleRTypeTesterLab2" name="Single Cycle CPU should run R-type instruction power2--65536" time="0.375">
                                                 
                                               </testcase><testcase classname="dinocpu.SingleCycleRTypeTesterLab2" name="Single Cycle CPU should run R-type instruction oppsign-true" time="0.388">
                                                 
                                               </testcase><testcase classname="dinocpu.SingleCycleRTypeTesterLab2" name="Single Cycle CPU should run R-type instruction oppsign-false" time="0.426">
                                                 
                                               </testcase><testcase classname="dinocpu.SingleCycleRTypeTesterLab2" name="Single Cycle CPU should run R-type instruction rotR" time="0.415">
                                                 
                                               </testcase>
                     <system-out><![CDATA[]]></system-out>
                     <system-err><![CDATA[]]></system-err>
                   </testsuite>