<?xml version='1.0' encoding='UTF-8'?>
<testsuite hostname="codespaces-6f4ab4" name="dinocpu.SingleCycleITypeTesterLab2" tests="25" errors="0" failures="0" skipped="0" time="13.973" timestamp="2024-05-10T20:55:20">
                     <properties>
[...]
</properties>
                     <testcase classname="dinocpu.SingleCycleITypeTesterLab2" name="Single Cycle CPU should run I-Type instruction addi1" time="1.93">
                                                 
                                               </testcase><testcase classname="dinocpu.SingleCycleITypeTesterLab2" name="Single Cycle CPU should run I-Type instruction addiw1" time="0.965">
                                                 
                                               </testcase><testcase classname="dinocpu.SingleCycleITypeTesterLab2" name="Single Cycle CPU should run I-Type instruction addiw2" time="0.578">
                                                 
                                               </testcase><testcase classname="dinocpu.SingleCycleITypeTesterLab2" name="Single Cycle CPU should run I-Type instruction addiw3" time="0.727">
                                                 
                                               </testcase><testcase classname="dinocpu.SingleCycleITypeTesterLab2" name="Single Cycle CPU should run I-Type instruction slli" time="0.693">
                                                 
                                               </testcase><testcase classname="dinocpu.SingleCycleITypeTesterLab2" name="Single Cycle CPU should run I-Type instruction slli2" time="0.505">
                                                 
                                               </testcase><testcase classname="dinocpu.SingleCycleITypeTesterLab2" name="Single Cycle CPU should run I-Type instruction slliw1" time="0.497">
                                                 
                                               </testcase><testcase classname="dinocpu.SingleCycleITypeTesterLab2" name="Single Cycle CPU should run I-Type instruction slliw2" time="0.593">
                                                 
                                               </testcase><testcase classname="dinocpu.SingleCycleITypeTesterLab2" name="Single Cycle CPU should run I-Type instruction slliw3" time="0.531">
                                                 
                                               </testcase><testcase classname="dinocpu.SingleCycleITypeTesterLab2" name="Single Cycle CPU should run I-Type instruction srai" time="0.45">
                                                 
                                               </testcase><testcase classname="dinocpu.SingleCycleITypeTesterLab2" name="Single Cycle CPU should run I-Type instruction srai-negative" time="0.485">
                                                 
                                               </testcase><testcase classname="dinocpu.SingleCycleITypeTesterLab2" name="Single Cycle CPU should run I-Type instruction sraiw1" time="0.463">
                                                 
                                               </testcase><testcase classname="dinocpu.SingleCycleITypeTesterLab2" name="Single Cycle CPU should run I-Type instruction sraiw2" time="0.442">
                                                 
                                               </testcase><testcase classname="dinocpu.SingleCycleITypeTesterLab2" name="Single Cycle CPU should run I-Type instruction srli" time="0.456">
                                                 
                                               </testcase><testcase classname="dinocpu.SingleCycleITypeTesterLab2" name="Single Cycle CPU should run I-Type instruction srli2" time="0.493">
                                                 
                                               </testcase><testcase classname="dinocpu.SingleCycleITypeTesterLab2" name="Single Cycle CPU should run I-Type instruction srliw1" time="0.452">
                                                 
                                               </testcase><testcase classname="dinocpu.SingleCycleITypeTesterLab2" name="Single Cycle CPU should run I-Type instruction srliw2" time="0.411">
                                                 
                                               </testcase><testcase classname="dinocpu.SingleCycleITypeTesterLab2" name="Single Cycle CPU should run I-Type instruction srliw3" time="0.394">
                                                 
                                               </testcase><testcase classname="dinocpu.SingleCycleITypeTesterLab2" name="Single Cycle CPU should run I-Type instruction andi" time="0.412">
                                                 
                                               </testcase><testcase classname="dinocpu.SingleCycleITypeTesterLab2" name="Single Cycle CPU should run I-Type instruction ori" time="0.427">
                                                 
                                               </testcase><testcase classname="dinocpu.SingleCycleITypeTesterLab2" name="Single Cycle CPU should run I-Type instruction xori" time="0.397">
                                                 
                                               </testcase><testcase classname="dinocpu.SingleCycleITypeTesterLab2" name="Single Cycle CPU should run I-Type instruction slti" time="0.428">
                                                 
                                               </testcase><testcase classname="dinocpu.SingleCycleITypeTesterLab2" name="Single Cycle CPU should run I-Type instruction sltiu" time="0.409">
                                                 
                                               </testcase><testcase classname="dinocpu.SingleCycleITypeTesterLab2" name="Single Cycle CPU should run I-Type instruction addi-funct7" time="0.427">
                                                 
                                               </testcase><testcase classname="dinocpu.SingleCycleITypeTesterLab2" name="Single Cycle CPU should run I-Type instruction addi2" time="0.408">
                                                 
                                               </testcase>
                     <system-out><![CDATA[]]></system-out>
                     <system-err><![CDATA[]]></system-err>
                   </testsuite>