[0m[[0m[0minfo[0m] [0m[0m[32mSingleCycleApplicationsTesterLab2:[0m[0m
[0m[[0m[0minfo[0m] [0m[0m[32mSingle Cycle CPU[0m[0m
[0m[[0m[0minfo[0m] [0m[0m[31m- should run application test fibonacci *** FAILED ***[0m[0m
[0m[[0m[0minfo[0m] [0m[0m[31m  false was not true (Lab2Test.scala:255)[0m[0m
[0m[[0m[0minfo[0m] [0m[0m[32mSingle Cycle CPU[0m[0m
[0m[[0m[0minfo[0m] [0m[0m[31m- should run application test naturalsum *** FAILED ***[0m[0m
[0m[[0m[0minfo[0m] [0m[0m[31m  false was not true (Lab2Test.scala:255)[0m[0m
[0m[[0m[0minfo[0m] [0m[0m[32mSingle Cycle CPU[0m[0m
[0m[[0m[0minfo[0m] [0m[0m[31m- should run application test multiplier *** FAILED ***[0m[0m
[0m[[0m[0minfo[0m] [0m[0m[31m  false was not true (Lab2Test.scala:255)[0m[0m
[0m[[0m[0minfo[0m] [0m[0m[32mSingle Cycle CPU[0m[0m
[0m[[0m[0minfo[0m] [0m[0m[31m- should run application test divider *** FAILED ***[0m[0m
[0m[[0m[0minfo[0m] [0m[0m[31m  false was not true (Lab2Test.scala:255)[0m[0m
